MIF/HEX Update report for niospbl3
Mon Aug 06 14:11:27 2018
Quartus II 64-Bit Version 13.0.1 Build 232 06/12/2013 Service Pack 1 SJ Web Edition


---------------------
; Table of Contents ;
---------------------
  1. Legal Notice
  2. MIF/HEX Update Summary
  3. MIF/HEX Update Processed Files
  4. MIF/HEX Update Messages



----------------
; Legal Notice ;
----------------
Copyright (C) 1991-2013 Altera Corporation
Your use of Altera Corporation's design tools, logic functions 
and other software and tools, and its AMPP partner logic 
functions, and any output files from any of the foregoing 
(including device programming or simulation files), and any 
associated documentation or information are expressly subject 
to the terms and conditions of the Altera Program License 
Subscription Agreement, Altera MegaCore Function License 
Agreement, or other applicable license agreement, including, 
without limitation, that your use is for the sole purpose of 
programming logic devices manufactured by Altera and sold by 
Altera or its authorized distributors.  Please refer to the 
applicable agreement for further details.



+---------------------------------------------------------------+
; MIF/HEX Update Summary                                        ;
+-----------------------+---------------------------------------+
; MIF/HEX Update Status ; Successful - Mon Aug 06 14:11:27 2018 ;
; Revision Name         ; niospbl3                              ;
; Top-level Entity Name ; niospbl3                              ;
; Family                ; Cyclone IV E                          ;
; Device                ; EP4CE6E22C7                           ;
+-----------------------+---------------------------------------+


+----------------------------------------------+
; MIF/HEX Update Processed Files               ;
+----------------------------------------------+
; File Name                                    ;
+----------------------------------------------+
; C:/altera/13.0sp1/0608/niospbl3/imagem32.mif ;
; C:/altera/13.0sp1/0608/niospbl3/imagem64.mif ;
+----------------------------------------------+


+-------------------------+
; MIF/HEX Update Messages ;
+-------------------------+
Info: *******************************************************************
Info: Running Quartus II 64-Bit MIF/HEX Update
    Info: Version 13.0.1 Build 232 06/12/2013 Service Pack 1 SJ Web Edition
    Info: Processing started: Mon Aug 06 14:11:25 2018
Info: Command: quartus_cdb niospbl3 -c niospbl3 --update_mif
Warning (39023): Can't find Memory Initialization File nios_nios2_qsys_0_rf_ram_a.mif -- skipped updates for this file
Warning (39023): Can't find Memory Initialization File nios_nios2_qsys_0_rf_ram_b.mif -- skipped updates for this file
Warning (39023): Can't find Memory Initialization File nios_nios2_qsys_0_ociram_default_contents.mif -- skipped updates for this file
Warning (39023): Can't find Memory Initialization File nios_onchip_memory2_0.hex -- skipped updates for this file
Info (39024): Processed the following Memory Initialization File(s)
    Info (39025): Processed Memory Initialization File C:/altera/13.0sp1/0608/niospbl3/imagem32.mif
    Info (39025): Processed Memory Initialization File C:/altera/13.0sp1/0608/niospbl3/imagem64.mif
Info: Quartus II 64-Bit MIF/HEX Update was successful. 0 errors, 4 warnings
    Info: Peak virtual memory: 4598 megabytes
    Info: Processing ended: Mon Aug 06 14:11:27 2018
    Info: Elapsed time: 00:00:02
    Info: Total CPU time (on all processors): 00:00:03


